<?xml version="1.0" encoding="UTF-8"?>
<testng-results ignored="0" total="1" passed="1" failed="0" skipped="0">
  <reporter-output>
  </reporter-output>
  <suite started-at="2021-05-16T08:06:20Z" name="Default suite" finished-at="2021-05-16T08:06:33Z" duration-ms="12660">
    <groups>
    </groups>
    <test started-at="2021-05-16T08:06:20Z" name="Default test" finished-at="2021-05-16T08:06:33Z" duration-ms="12660">
      <class name="resigistration.MavenTest1">
        <test-method is-config="true" signature="open_the_Chrome_and_login_to_Gmail_account()[pri:0, instance:resigistration.MavenTest1@60fa3495]" started-at="2021-05-16T13:36:20Z" name="open_the_Chrome_and_login_to_Gmail_account" finished-at="2021-05-16T13:36:25Z" duration-ms="4983" status="PASS">
          <reporter-output>
          </reporter-output>
        </test-method> <!-- open_the_Chrome_and_login_to_Gmail_account -->
        <test-method signature="enter_the_Username_and_Password()[pri:0, instance:resigistration.MavenTest1@60fa3495]" started-at="2021-05-16T13:36:25Z" name="enter_the_Username_and_Password" finished-at="2021-05-16T13:36:32Z" duration-ms="6723" status="PASS">
          <reporter-output>
          </reporter-output>
        </test-method> <!-- enter_the_Username_and_Password -->
        <test-method is-config="true" signature="closeBrowser()[pri:0, instance:resigistration.MavenTest1@60fa3495]" started-at="2021-05-16T13:36:32Z" name="closeBrowser" finished-at="2021-05-16T13:36:33Z" duration-ms="885" status="PASS">
          <reporter-output>
          </reporter-output>
        </test-method> <!-- closeBrowser -->
      </class> <!-- resigistration.MavenTest1 -->
    </test> <!-- Default test -->
  </suite> <!-- Default suite -->
</testng-results>
