<?xml version="1.0" encoding="UTF-8"?>
<testng-results ignored="0" total="1" passed="1" failed="0" skipped="0">
  <reporter-output>
  </reporter-output>
  <suite started-at="2021-05-16T10:10:12Z" name="Default suite" finished-at="2021-05-16T10:10:54Z" duration-ms="42303">
    <groups>
    </groups>
    <test started-at="2021-05-16T10:10:12Z" name="Default test" finished-at="2021-05-16T10:10:54Z" duration-ms="42303">
      <class name="resigistration.MavenTest1">
        <test-method is-config="true" signature="open_the_Chrome_and_login_to_Gmail_account()[pri:0, instance:resigistration.MavenTest1@6a62689d]" started-at="2021-05-16T15:40:12Z" name="open_the_Chrome_and_login_to_Gmail_account" finished-at="2021-05-16T15:40:17Z" duration-ms="4881" status="PASS">
          <reporter-output>
          </reporter-output>
        </test-method> <!-- open_the_Chrome_and_login_to_Gmail_account -->
        <test-method signature="test_compose_button()[pri:0, instance:resigistration.MavenTest1@6a62689d]" started-at="2021-05-16T15:40:17Z" name="test_compose_button" finished-at="2021-05-16T15:40:53Z" duration-ms="36401" status="PASS">
          <reporter-output>
          </reporter-output>
        </test-method> <!-- test_compose_button -->
        <test-method is-config="true" signature="closeBrowser()[pri:0, instance:resigistration.MavenTest1@6a62689d]" started-at="2021-05-16T15:40:54Z" name="closeBrowser" finished-at="2021-05-16T15:40:54Z" duration-ms="940" status="PASS">
          <reporter-output>
          </reporter-output>
        </test-method> <!-- closeBrowser -->
      </class> <!-- resigistration.MavenTest1 -->
    </test> <!-- Default test -->
  </suite> <!-- Default suite -->
</testng-results>
